2021-11-14 14:46:17.587  INFO 13948 --- [main] com.api.sportyShoes.SportyShoes          : Starting SportyShoes on RABIN-RQIV3Q2 with PID 13948 (D:\Project\FSD\Dummy\sporty_shoes-master\sporty_shoes-master\target\classes started by RABIN in D:\Project\FSD\Dummy\sporty_shoes-master\sporty_shoes-master)
2021-11-14 14:46:17.603  INFO 13948 --- [main] com.api.sportyShoes.SportyShoes          : No active profile set, falling back to default profiles: default
2021-11-14 14:46:19.346  INFO 13948 --- [main] .s.d.r.c.RepositoryConfigurationDelegate : Bootstrapping Spring Data JPA repositories in DEFAULT mode.
2021-11-14 14:46:19.433  INFO 13948 --- [main] .s.d.r.c.RepositoryConfigurationDelegate : Finished Spring Data repository scanning in 71ms. Found 2 JPA repository interfaces.
2021-11-14 14:46:20.416  INFO 13948 --- [main] o.s.b.w.embedded.tomcat.TomcatWebServer  : Tomcat initialized with port(s): 4000 (http)
2021-11-14 14:46:20.428  INFO 13948 --- [main] o.apache.catalina.core.StandardService   : Starting service [Tomcat]
2021-11-14 14:46:20.428  INFO 13948 --- [main] org.apache.catalina.core.StandardEngine  : Starting Servlet engine: [Apache Tomcat/9.0.38]
2021-11-14 14:46:20.542  INFO 13948 --- [main] o.a.c.c.C.[Tomcat].[localhost].[/]       : Initializing Spring embedded WebApplicationContext
2021-11-14 14:46:20.543  INFO 13948 --- [main] w.s.c.ServletWebServerApplicationContext : Root WebApplicationContext: initialization completed in 2851 ms
2021-11-14 14:46:20.607  INFO 13948 --- [main] com.zaxxer.hikari.HikariDataSource       : HikariPool-1 - Starting...
2021-11-14 14:46:20.948  INFO 13948 --- [main] com.zaxxer.hikari.HikariDataSource       : HikariPool-1 - Start completed.
2021-11-14 14:46:20.956  INFO 13948 --- [main] o.s.b.a.h2.H2ConsoleAutoConfiguration    : H2 console available at '/h2'. Database available at 'jdbc:h2:mem:testdb'
2021-11-14 14:46:21.241  INFO 13948 --- [main] o.hibernate.jpa.internal.util.LogHelper  : HHH000204: Processing PersistenceUnitInfo [name: default]
2021-11-14 14:46:21.335  INFO 13948 --- [main] org.hibernate.Version                    : HHH000412: Hibernate ORM core version 5.4.21.Final
2021-11-14 14:46:21.541  INFO 13948 --- [main] o.hibernate.annotations.common.Version   : HCANN000001: Hibernate Commons Annotations {5.1.0.Final}
2021-11-14 14:46:21.724  INFO 13948 --- [main] org.hibernate.dialect.Dialect            : HHH000400: Using dialect: org.hibernate.dialect.H2Dialect
2021-11-14 14:46:22.389  INFO 13948 --- [main] o.h.e.t.j.p.i.JtaPlatformInitiator       : HHH000490: Using JtaPlatform implementation: [org.hibernate.engine.transaction.jta.platform.internal.NoJtaPlatform]
2021-11-14 14:46:22.398  INFO 13948 --- [main] j.LocalContainerEntityManagerFactoryBean : Initialized JPA EntityManagerFactory for persistence unit 'default'
2021-11-14 14:46:22.454  WARN 13948 --- [main] JpaBaseConfiguration$JpaWebConfiguration : spring.jpa.open-in-view is enabled by default. Therefore, database queries may be performed during view rendering. Explicitly configure spring.jpa.open-in-view to disable this warning
2021-11-14 14:46:24.105  INFO 13948 --- [main] o.s.s.web.DefaultSecurityFilterChain     : Creating filter chain: any request, [org.springframework.security.web.context.request.async.WebAsyncManagerIntegrationFilter@7b29cdea, org.springframework.security.web.context.SecurityContextPersistenceFilter@2619cb76, org.springframework.security.web.header.HeaderWriterFilter@340b4f07, org.springframework.security.web.authentication.logout.LogoutFilter@43b172e3, org.springframework.security.web.authentication.www.BasicAuthenticationFilter@68c4db77, org.springframework.security.web.savedrequest.RequestCacheAwareFilter@457692cb, org.springframework.security.web.servletapi.SecurityContextHolderAwareRequestFilter@6a543e09, org.springframework.security.web.authentication.AnonymousAuthenticationFilter@f08d676, org.springframework.security.web.session.SessionManagementFilter@3620eab, org.springframework.security.web.access.ExceptionTranslationFilter@3a9c11fb, org.springframework.security.web.access.intercept.FilterSecurityInterceptor@a1cb94]
2021-11-14 14:46:24.140  INFO 13948 --- [main] pertySourcedRequestMappingHandlerMapping : Mapped URL path [/v2/api-docs] onto method [springfox.documentation.swagger2.web.Swagger2Controller#getDocumentation(String, HttpServletRequest)]
2021-11-14 14:46:24.311  INFO 13948 --- [main] o.s.s.concurrent.ThreadPoolTaskExecutor  : Initializing ExecutorService 'applicationTaskExecutor'
2021-11-14 14:46:24.548  INFO 13948 --- [main] d.s.w.p.DocumentationPluginsBootstrapper : Context refreshed
2021-11-14 14:46:24.583  INFO 13948 --- [main] d.s.w.p.DocumentationPluginsBootstrapper : Found 1 custom documentation plugin(s)
2021-11-14 14:46:24.653  INFO 13948 --- [main] s.d.s.w.s.ApiListingReferenceScanner     : Scanning for api listing references
2021-11-14 14:46:25.007  INFO 13948 --- [main] o.s.b.w.embedded.tomcat.TomcatWebServer  : Tomcat started on port(s): 4000 (http) with context path ''
2021-11-14 14:46:25.011  INFO 13948 --- [main] com.api.sportyShoes.SportyShoes          : Started SportyShoes in 7.804 seconds (JVM running for 8.238)
2021-11-14 14:46:55.622  INFO 13948 --- [http-nio-4000-exec-1] o.a.c.c.C.[Tomcat].[localhost].[/]       : Initializing Spring DispatcherServlet 'dispatcherServlet'
2021-11-14 14:46:55.622  INFO 13948 --- [http-nio-4000-exec-1] o.s.web.servlet.DispatcherServlet        : Initializing Servlet 'dispatcherServlet'
2021-11-14 14:46:55.630  INFO 13948 --- [http-nio-4000-exec-1] o.s.web.servlet.DispatcherServlet        : Completed initialization in 8 ms
2021-11-14 15:03:41.277  INFO 13084 --- [main] com.api.sportyShoes.SportyShoes          : Starting SportyShoes on RABIN-RQIV3Q2 with PID 13084 (D:\Project\FSD\Dummy\sporty_shoes-master\sporty_shoes-master\target\classes started by RABIN in D:\Project\FSD\Dummy\sporty_shoes-master\sporty_shoes-master)
2021-11-14 15:03:41.280  INFO 13084 --- [main] com.api.sportyShoes.SportyShoes          : No active profile set, falling back to default profiles: default
2021-11-14 15:03:42.397  INFO 13084 --- [main] .s.d.r.c.RepositoryConfigurationDelegate : Bootstrapping Spring Data JPA repositories in DEFAULT mode.
2021-11-14 15:03:42.476  INFO 13084 --- [main] .s.d.r.c.RepositoryConfigurationDelegate : Finished Spring Data repository scanning in 66ms. Found 2 JPA repository interfaces.
2021-11-14 15:03:43.220  INFO 13084 --- [main] o.s.b.w.embedded.tomcat.TomcatWebServer  : Tomcat initialized with port(s): 8000 (http)
2021-11-14 15:03:43.229  INFO 13084 --- [main] o.apache.catalina.core.StandardService   : Starting service [Tomcat]
2021-11-14 15:03:43.229  INFO 13084 --- [main] org.apache.catalina.core.StandardEngine  : Starting Servlet engine: [Apache Tomcat/9.0.38]
2021-11-14 15:03:43.331  INFO 13084 --- [main] o.a.c.c.C.[Tomcat].[localhost].[/]       : Initializing Spring embedded WebApplicationContext
2021-11-14 15:03:43.331  INFO 13084 --- [main] w.s.c.ServletWebServerApplicationContext : Root WebApplicationContext: initialization completed in 1978 ms
2021-11-14 15:03:43.378  INFO 13084 --- [main] com.zaxxer.hikari.HikariDataSource       : HikariPool-1 - Starting...
2021-11-14 15:03:43.632  INFO 13084 --- [main] com.zaxxer.hikari.HikariDataSource       : HikariPool-1 - Start completed.
2021-11-14 15:03:43.638  INFO 13084 --- [main] o.s.b.a.h2.H2ConsoleAutoConfiguration    : H2 console available at '/h2'. Database available at 'jdbc:h2:mem:testdb'
2021-11-14 15:03:43.813  INFO 13084 --- [main] o.hibernate.jpa.internal.util.LogHelper  : HHH000204: Processing PersistenceUnitInfo [name: default]
2021-11-14 15:03:43.861  INFO 13084 --- [main] org.hibernate.Version                    : HHH000412: Hibernate ORM core version 5.4.21.Final
2021-11-14 15:03:43.976  INFO 13084 --- [main] o.hibernate.annotations.common.Version   : HCANN000001: Hibernate Commons Annotations {5.1.0.Final}
2021-11-14 15:03:44.094  INFO 13084 --- [main] org.hibernate.dialect.Dialect            : HHH000400: Using dialect: org.hibernate.dialect.H2Dialect
2021-11-14 15:03:44.623  INFO 13084 --- [main] o.h.e.t.j.p.i.JtaPlatformInitiator       : HHH000490: Using JtaPlatform implementation: [org.hibernate.engine.transaction.jta.platform.internal.NoJtaPlatform]
2021-11-14 15:03:44.629  INFO 13084 --- [main] j.LocalContainerEntityManagerFactoryBean : Initialized JPA EntityManagerFactory for persistence unit 'default'
2021-11-14 15:03:44.693  WARN 13084 --- [main] JpaBaseConfiguration$JpaWebConfiguration : spring.jpa.open-in-view is enabled by default. Therefore, database queries may be performed during view rendering. Explicitly configure spring.jpa.open-in-view to disable this warning
2021-11-14 15:03:45.997  INFO 13084 --- [main] o.s.s.web.DefaultSecurityFilterChain     : Creating filter chain: any request, [org.springframework.security.web.context.request.async.WebAsyncManagerIntegrationFilter@681311a7, org.springframework.security.web.context.SecurityContextPersistenceFilter@5a205ee5, org.springframework.security.web.header.HeaderWriterFilter@6b0325d0, org.springframework.security.web.authentication.logout.LogoutFilter@4ab9d160, org.springframework.security.web.authentication.www.BasicAuthenticationFilter@156ff70f, org.springframework.security.web.savedrequest.RequestCacheAwareFilter@11295cb1, org.springframework.security.web.servletapi.SecurityContextHolderAwareRequestFilter@56f2c9e8, org.springframework.security.web.authentication.AnonymousAuthenticationFilter@2c7375da, org.springframework.security.web.session.SessionManagementFilter@340b4f07, org.springframework.security.web.access.ExceptionTranslationFilter@5855b0ed, org.springframework.security.web.access.intercept.FilterSecurityInterceptor@5dacf18d]
2021-11-14 15:03:46.032  INFO 13084 --- [main] pertySourcedRequestMappingHandlerMapping : Mapped URL path [/v2/api-docs] onto method [springfox.documentation.swagger2.web.Swagger2Controller#getDocumentation(String, HttpServletRequest)]
2021-11-14 15:03:46.186  INFO 13084 --- [main] o.s.s.concurrent.ThreadPoolTaskExecutor  : Initializing ExecutorService 'applicationTaskExecutor'
2021-11-14 15:03:46.378  INFO 13084 --- [main] d.s.w.p.DocumentationPluginsBootstrapper : Context refreshed
2021-11-14 15:03:46.401  INFO 13084 --- [main] d.s.w.p.DocumentationPluginsBootstrapper : Found 1 custom documentation plugin(s)
2021-11-14 15:03:46.458  INFO 13084 --- [main] s.d.s.w.s.ApiListingReferenceScanner     : Scanning for api listing references
2021-11-14 15:03:46.734  INFO 13084 --- [main] o.s.b.w.embedded.tomcat.TomcatWebServer  : Tomcat started on port(s): 8000 (http) with context path ''
2021-11-14 15:03:46.738  INFO 13084 --- [main] com.api.sportyShoes.SportyShoes          : Started SportyShoes in 5.788 seconds (JVM running for 6.146)
2021-11-14 15:05:34.645  INFO 11232 --- [main] com.api.sportyShoes.EcoomerceSportShoes  : Starting EcoomerceSportShoes on RABIN-RQIV3Q2 with PID 11232 (D:\Project\FSD\Dummy\sporty_shoes-master\sporty_shoes-master\target\classes started by RABIN in D:\Project\FSD\Dummy\sporty_shoes-master\sporty_shoes-master)
2021-11-14 15:05:34.649  INFO 11232 --- [main] com.api.sportyShoes.EcoomerceSportShoes  : No active profile set, falling back to default profiles: default
2021-11-14 15:05:35.644  INFO 11232 --- [main] .s.d.r.c.RepositoryConfigurationDelegate : Bootstrapping Spring Data JPA repositories in DEFAULT mode.
2021-11-14 15:05:35.719  INFO 11232 --- [main] .s.d.r.c.RepositoryConfigurationDelegate : Finished Spring Data repository scanning in 64ms. Found 2 JPA repository interfaces.
2021-11-14 15:05:36.490  INFO 11232 --- [main] o.s.b.w.embedded.tomcat.TomcatWebServer  : Tomcat initialized with port(s): 8000 (http)
2021-11-14 15:05:36.501  INFO 11232 --- [main] o.apache.catalina.core.StandardService   : Starting service [Tomcat]
2021-11-14 15:05:36.501  INFO 11232 --- [main] org.apache.catalina.core.StandardEngine  : Starting Servlet engine: [Apache Tomcat/9.0.38]
2021-11-14 15:05:36.604  INFO 11232 --- [main] o.a.c.c.C.[Tomcat].[localhost].[/]       : Initializing Spring embedded WebApplicationContext
2021-11-14 15:05:36.604  INFO 11232 --- [main] w.s.c.ServletWebServerApplicationContext : Root WebApplicationContext: initialization completed in 1895 ms
2021-11-14 15:05:36.661  INFO 11232 --- [main] com.zaxxer.hikari.HikariDataSource       : HikariPool-1 - Starting...
2021-11-14 15:05:36.912  INFO 11232 --- [main] com.zaxxer.hikari.HikariDataSource       : HikariPool-1 - Start completed.
2021-11-14 15:05:36.919  INFO 11232 --- [main] o.s.b.a.h2.H2ConsoleAutoConfiguration    : H2 console available at '/h2'. Database available at 'jdbc:h2:mem:testdb'
2021-11-14 15:05:37.114  INFO 11232 --- [main] o.hibernate.jpa.internal.util.LogHelper  : HHH000204: Processing PersistenceUnitInfo [name: default]
2021-11-14 15:05:37.167  INFO 11232 --- [main] org.hibernate.Version                    : HHH000412: Hibernate ORM core version 5.4.21.Final
2021-11-14 15:05:37.285  INFO 11232 --- [main] o.hibernate.annotations.common.Version   : HCANN000001: Hibernate Commons Annotations {5.1.0.Final}
2021-11-14 15:05:37.392  INFO 11232 --- [main] org.hibernate.dialect.Dialect            : HHH000400: Using dialect: org.hibernate.dialect.H2Dialect
2021-11-14 15:05:37.933  INFO 11232 --- [main] o.h.e.t.j.p.i.JtaPlatformInitiator       : HHH000490: Using JtaPlatform implementation: [org.hibernate.engine.transaction.jta.platform.internal.NoJtaPlatform]
2021-11-14 15:05:37.939  INFO 11232 --- [main] j.LocalContainerEntityManagerFactoryBean : Initialized JPA EntityManagerFactory for persistence unit 'default'
2021-11-14 15:05:37.980  WARN 11232 --- [main] JpaBaseConfiguration$JpaWebConfiguration : spring.jpa.open-in-view is enabled by default. Therefore, database queries may be performed during view rendering. Explicitly configure spring.jpa.open-in-view to disable this warning
2021-11-14 15:05:39.315  INFO 11232 --- [main] o.s.s.web.DefaultSecurityFilterChain     : Creating filter chain: any request, [org.springframework.security.web.context.request.async.WebAsyncManagerIntegrationFilter@4470106b, org.springframework.security.web.context.SecurityContextPersistenceFilter@340b4f07, org.springframework.security.web.header.HeaderWriterFilter@5855b0ed, org.springframework.security.web.authentication.logout.LogoutFilter@37caecda, org.springframework.security.web.authentication.www.BasicAuthenticationFilter@563ada5, org.springframework.security.web.savedrequest.RequestCacheAwareFilter@5a205ee5, org.springframework.security.web.servletapi.SecurityContextHolderAwareRequestFilter@8ef1d58, org.springframework.security.web.authentication.AnonymousAuthenticationFilter@690ed13a, org.springframework.security.web.session.SessionManagementFilter@3a9c11fb, org.springframework.security.web.access.ExceptionTranslationFilter@20184ade, org.springframework.security.web.access.intercept.FilterSecurityInterceptor@4b50c21]
2021-11-14 15:05:39.350  INFO 11232 --- [main] pertySourcedRequestMappingHandlerMapping : Mapped URL path [/v2/api-docs] onto method [springfox.documentation.swagger2.web.Swagger2Controller#getDocumentation(String, HttpServletRequest)]
2021-11-14 15:05:39.494  INFO 11232 --- [main] o.s.s.concurrent.ThreadPoolTaskExecutor  : Initializing ExecutorService 'applicationTaskExecutor'
2021-11-14 15:05:39.667  INFO 11232 --- [main] d.s.w.p.DocumentationPluginsBootstrapper : Context refreshed
2021-11-14 15:05:39.695  INFO 11232 --- [main] d.s.w.p.DocumentationPluginsBootstrapper : Found 1 custom documentation plugin(s)
2021-11-14 15:05:39.755  INFO 11232 --- [main] s.d.s.w.s.ApiListingReferenceScanner     : Scanning for api listing references
2021-11-14 15:05:40.017  INFO 11232 --- [main] o.s.b.w.embedded.tomcat.TomcatWebServer  : Tomcat started on port(s): 8000 (http) with context path ''
2021-11-14 15:05:40.020  INFO 11232 --- [main] com.api.sportyShoes.EcoomerceSportShoes  : Started EcoomerceSportShoes in 5.706 seconds (JVM running for 6.088)
2021-11-14 15:05:55.785  INFO 11232 --- [http-nio-8000-exec-1] o.a.c.c.C.[Tomcat].[localhost].[/]       : Initializing Spring DispatcherServlet 'dispatcherServlet'
2021-11-14 15:05:55.785  INFO 11232 --- [http-nio-8000-exec-1] o.s.web.servlet.DispatcherServlet        : Initializing Servlet 'dispatcherServlet'
2021-11-14 15:05:55.797  INFO 11232 --- [http-nio-8000-exec-1] o.s.web.servlet.DispatcherServlet        : Completed initialization in 12 ms
2021-11-14 15:18:10.844  INFO 16576 --- [main] com.api.sportyShoes.EcoomerceSportShoes  : Starting EcoomerceSportShoes on RABIN-RQIV3Q2 with PID 16576 (D:\Project\FSD\Dummy\sporty_shoes-master\sporty_shoes-master\target\classes started by RABIN in D:\Project\FSD\Dummy\sporty_shoes-master\sporty_shoes-master)
2021-11-14 15:18:10.847  INFO 16576 --- [main] com.api.sportyShoes.EcoomerceSportShoes  : No active profile set, falling back to default profiles: default
2021-11-14 15:18:11.747  INFO 16576 --- [main] .s.d.r.c.RepositoryConfigurationDelegate : Bootstrapping Spring Data JPA repositories in DEFAULT mode.
2021-11-14 15:18:11.825  INFO 16576 --- [main] .s.d.r.c.RepositoryConfigurationDelegate : Finished Spring Data repository scanning in 68ms. Found 2 JPA repository interfaces.
2021-11-14 15:18:12.610  INFO 16576 --- [main] o.s.b.w.embedded.tomcat.TomcatWebServer  : Tomcat initialized with port(s): 8000 (http)
2021-11-14 15:18:12.623  INFO 16576 --- [main] o.apache.catalina.core.StandardService   : Starting service [Tomcat]
2021-11-14 15:18:12.624  INFO 16576 --- [main] org.apache.catalina.core.StandardEngine  : Starting Servlet engine: [Apache Tomcat/9.0.38]
2021-11-14 15:18:12.740  INFO 16576 --- [main] o.a.c.c.C.[Tomcat].[localhost].[/]       : Initializing Spring embedded WebApplicationContext
2021-11-14 15:18:12.740  INFO 16576 --- [main] w.s.c.ServletWebServerApplicationContext : Root WebApplicationContext: initialization completed in 1840 ms
2021-11-14 15:18:12.800  INFO 16576 --- [main] com.zaxxer.hikari.HikariDataSource       : HikariPool-1 - Starting...
2021-11-14 15:18:13.023  INFO 16576 --- [main] com.zaxxer.hikari.HikariDataSource       : HikariPool-1 - Start completed.
2021-11-14 15:18:13.030  INFO 16576 --- [main] o.s.b.a.h2.H2ConsoleAutoConfiguration    : H2 console available at '/h2'. Database available at 'jdbc:h2:mem:testdb'
2021-11-14 15:18:13.212  INFO 16576 --- [main] o.hibernate.jpa.internal.util.LogHelper  : HHH000204: Processing PersistenceUnitInfo [name: default]
2021-11-14 15:18:13.262  INFO 16576 --- [main] org.hibernate.Version                    : HHH000412: Hibernate ORM core version 5.4.21.Final
2021-11-14 15:18:13.388  INFO 16576 --- [main] o.hibernate.annotations.common.Version   : HCANN000001: Hibernate Commons Annotations {5.1.0.Final}
2021-11-14 15:18:13.509  INFO 16576 --- [main] org.hibernate.dialect.Dialect            : HHH000400: Using dialect: org.hibernate.dialect.H2Dialect
2021-11-14 15:18:14.035  INFO 16576 --- [main] o.h.e.t.j.p.i.JtaPlatformInitiator       : HHH000490: Using JtaPlatform implementation: [org.hibernate.engine.transaction.jta.platform.internal.NoJtaPlatform]
2021-11-14 15:18:14.041  INFO 16576 --- [main] j.LocalContainerEntityManagerFactoryBean : Initialized JPA EntityManagerFactory for persistence unit 'default'
2021-11-14 15:18:14.099  WARN 16576 --- [main] JpaBaseConfiguration$JpaWebConfiguration : spring.jpa.open-in-view is enabled by default. Therefore, database queries may be performed during view rendering. Explicitly configure spring.jpa.open-in-view to disable this warning
2021-11-14 15:18:15.427  INFO 16576 --- [main] o.s.s.web.DefaultSecurityFilterChain     : Creating filter chain: any request, [org.springframework.security.web.context.request.async.WebAsyncManagerIntegrationFilter@681311a7, org.springframework.security.web.context.SecurityContextPersistenceFilter@5a205ee5, org.springframework.security.web.header.HeaderWriterFilter@6b0325d0, org.springframework.security.web.authentication.logout.LogoutFilter@4ab9d160, org.springframework.security.web.authentication.www.BasicAuthenticationFilter@156ff70f, org.springframework.security.web.savedrequest.RequestCacheAwareFilter@11295cb1, org.springframework.security.web.servletapi.SecurityContextHolderAwareRequestFilter@56f2c9e8, org.springframework.security.web.authentication.AnonymousAuthenticationFilter@2c7375da, org.springframework.security.web.session.SessionManagementFilter@340b4f07, org.springframework.security.web.access.ExceptionTranslationFilter@5855b0ed, org.springframework.security.web.access.intercept.FilterSecurityInterceptor@5dacf18d]
2021-11-14 15:18:15.462  INFO 16576 --- [main] pertySourcedRequestMappingHandlerMapping : Mapped URL path [/v2/api-docs] onto method [springfox.documentation.swagger2.web.Swagger2Controller#getDocumentation(String, HttpServletRequest)]
2021-11-14 15:18:15.623  INFO 16576 --- [main] o.s.s.concurrent.ThreadPoolTaskExecutor  : Initializing ExecutorService 'applicationTaskExecutor'
2021-11-14 15:18:15.821  INFO 16576 --- [main] d.s.w.p.DocumentationPluginsBootstrapper : Context refreshed
2021-11-14 15:18:15.848  INFO 16576 --- [main] d.s.w.p.DocumentationPluginsBootstrapper : Found 1 custom documentation plugin(s)
2021-11-14 15:18:15.905  INFO 16576 --- [main] s.d.s.w.s.ApiListingReferenceScanner     : Scanning for api listing references
2021-11-14 15:18:16.148  INFO 16576 --- [main] o.apache.catalina.core.StandardService   : Stopping service [Tomcat]
2021-11-14 15:18:16.155  WARN 16576 --- [main] o.a.c.loader.WebappClassLoaderBase       : The web application [ROOT] appears to have started a thread named [HikariPool-1 housekeeper] but has failed to stop it. This is very likely to create a memory leak. Stack trace of thread:
 sun.misc.Unsafe.park(Native Method)
 java.util.concurrent.locks.LockSupport.parkNanos(LockSupport.java:215)
 java.util.concurrent.locks.AbstractQueuedSynchronizer$ConditionObject.awaitNanos(AbstractQueuedSynchronizer.java:2078)
 java.util.concurrent.ScheduledThreadPoolExecutor$DelayedWorkQueue.take(ScheduledThreadPoolExecutor.java:1093)
 java.util.concurrent.ScheduledThreadPoolExecutor$DelayedWorkQueue.take(ScheduledThreadPoolExecutor.java:809)
 java.util.concurrent.ThreadPoolExecutor.getTask(ThreadPoolExecutor.java:1074)
 java.util.concurrent.ThreadPoolExecutor.runWorker(ThreadPoolExecutor.java:1134)
 java.util.concurrent.ThreadPoolExecutor$Worker.run(ThreadPoolExecutor.java:624)
 java.lang.Thread.run(Thread.java:748)
2021-11-14 15:18:16.155  WARN 16576 --- [main] o.a.c.loader.WebappClassLoaderBase       : The web application [ROOT] appears to have started a thread named [HikariPool-1 connection adder] but has failed to stop it. This is very likely to create a memory leak. Stack trace of thread:
 sun.misc.Unsafe.park(Native Method)
 java.util.concurrent.locks.LockSupport.parkNanos(LockSupport.java:215)
 java.util.concurrent.locks.AbstractQueuedSynchronizer$ConditionObject.awaitNanos(AbstractQueuedSynchronizer.java:2078)
 java.util.concurrent.LinkedBlockingQueue.poll(LinkedBlockingQueue.java:467)
 java.util.concurrent.ThreadPoolExecutor.getTask(ThreadPoolExecutor.java:1073)
 java.util.concurrent.ThreadPoolExecutor.runWorker(ThreadPoolExecutor.java:1134)
 java.util.concurrent.ThreadPoolExecutor$Worker.run(ThreadPoolExecutor.java:624)
 java.lang.Thread.run(Thread.java:748)
2021-11-14 15:18:16.162  INFO 16576 --- [main] ConditionEvaluationReportLoggingListener : 

Error starting ApplicationContext. To display the conditions report re-run your application with 'debug' enabled.
2021-11-14 15:18:16.165 ERROR 16576 --- [main] o.s.b.d.LoggingFailureAnalysisReporter   : 

***************************
APPLICATION FAILED TO START
***************************

Description:

Web server failed to start. Port 8000 was already in use.

Action:

Identify and stop the process that's listening on port 8000 or configure this application to listen on another port.

2021-11-14 15:18:16.169  INFO 16576 --- [main] o.s.s.concurrent.ThreadPoolTaskExecutor  : Shutting down ExecutorService 'applicationTaskExecutor'
2021-11-14 15:18:16.172  INFO 16576 --- [main] j.LocalContainerEntityManagerFactoryBean : Closing JPA EntityManagerFactory for persistence unit 'default'
2021-11-14 15:18:16.173  INFO 16576 --- [main] .SchemaDropperImpl$DelayedDropActionImpl : HHH000477: Starting delayed evictData of schema as part of SessionFactory shut-down'
2021-11-14 15:18:16.181  INFO 16576 --- [main] com.zaxxer.hikari.HikariDataSource       : HikariPool-1 - Shutdown initiated...
2021-11-14 15:18:16.183  INFO 16576 --- [main] com.zaxxer.hikari.HikariDataSource       : HikariPool-1 - Shutdown completed.
2021-11-14 15:21:46.436  INFO 11852 --- [main] com.api.sportyShoes.EcoomerceSportShoes  : Starting EcoomerceSportShoes on RABIN-RQIV3Q2 with PID 11852 (D:\Project\FSD\Dummy\sporty_shoes-master\sporty_shoes-master\target\classes started by RABIN in D:\Project\FSD\Dummy\sporty_shoes-master\sporty_shoes-master)
2021-11-14 15:21:46.439  INFO 11852 --- [main] com.api.sportyShoes.EcoomerceSportShoes  : No active profile set, falling back to default profiles: default
2021-11-14 15:21:47.395  INFO 11852 --- [main] .s.d.r.c.RepositoryConfigurationDelegate : Bootstrapping Spring Data JPA repositories in DEFAULT mode.
2021-11-14 15:21:47.486  INFO 11852 --- [main] .s.d.r.c.RepositoryConfigurationDelegate : Finished Spring Data repository scanning in 76ms. Found 2 JPA repository interfaces.
2021-11-14 15:21:48.438  INFO 11852 --- [main] o.s.b.w.embedded.tomcat.TomcatWebServer  : Tomcat initialized with port(s): 8000 (http)
2021-11-14 15:21:48.450  INFO 11852 --- [main] o.apache.catalina.core.StandardService   : Starting service [Tomcat]
2021-11-14 15:21:48.450  INFO 11852 --- [main] org.apache.catalina.core.StandardEngine  : Starting Servlet engine: [Apache Tomcat/9.0.38]
2021-11-14 15:21:48.556  INFO 11852 --- [main] o.a.c.c.C.[Tomcat].[localhost].[/]       : Initializing Spring embedded WebApplicationContext
2021-11-14 15:21:48.556  INFO 11852 --- [main] w.s.c.ServletWebServerApplicationContext : Root WebApplicationContext: initialization completed in 2059 ms
2021-11-14 15:21:48.614  INFO 11852 --- [main] com.zaxxer.hikari.HikariDataSource       : HikariPool-1 - Starting...
2021-11-14 15:21:48.841  INFO 11852 --- [main] com.zaxxer.hikari.HikariDataSource       : HikariPool-1 - Start completed.
2021-11-14 15:21:48.848  INFO 11852 --- [main] o.s.b.a.h2.H2ConsoleAutoConfiguration    : H2 console available at '/h2'. Database available at 'jdbc:h2:mem:testdb'
2021-11-14 15:21:49.041  INFO 11852 --- [main] o.hibernate.jpa.internal.util.LogHelper  : HHH000204: Processing PersistenceUnitInfo [name: default]
2021-11-14 15:21:49.109  INFO 11852 --- [main] org.hibernate.Version                    : HHH000412: Hibernate ORM core version 5.4.21.Final
2021-11-14 15:21:49.266  INFO 11852 --- [main] o.hibernate.annotations.common.Version   : HCANN000001: Hibernate Commons Annotations {5.1.0.Final}
2021-11-14 15:21:49.442  INFO 11852 --- [main] org.hibernate.dialect.Dialect            : HHH000400: Using dialect: org.hibernate.dialect.H2Dialect
2021-11-14 15:21:50.021  INFO 11852 --- [main] o.h.e.t.j.p.i.JtaPlatformInitiator       : HHH000490: Using JtaPlatform implementation: [org.hibernate.engine.transaction.jta.platform.internal.NoJtaPlatform]
2021-11-14 15:21:50.028  INFO 11852 --- [main] j.LocalContainerEntityManagerFactoryBean : Initialized JPA EntityManagerFactory for persistence unit 'default'
2021-11-14 15:21:50.079  WARN 11852 --- [main] JpaBaseConfiguration$JpaWebConfiguration : spring.jpa.open-in-view is enabled by default. Therefore, database queries may be performed during view rendering. Explicitly configure spring.jpa.open-in-view to disable this warning
2021-11-14 15:21:51.420  INFO 11852 --- [main] o.s.s.web.DefaultSecurityFilterChain     : Creating filter chain: any request, [org.springframework.security.web.context.request.async.WebAsyncManagerIntegrationFilter@7b29cdea, org.springframework.security.web.context.SecurityContextPersistenceFilter@2619cb76, org.springframework.security.web.header.HeaderWriterFilter@340b4f07, org.springframework.security.web.authentication.logout.LogoutFilter@43b172e3, org.springframework.security.web.authentication.www.BasicAuthenticationFilter@68c4db77, org.springframework.security.web.savedrequest.RequestCacheAwareFilter@457692cb, org.springframework.security.web.servletapi.SecurityContextHolderAwareRequestFilter@6a543e09, org.springframework.security.web.authentication.AnonymousAuthenticationFilter@f08d676, org.springframework.security.web.session.SessionManagementFilter@3620eab, org.springframework.security.web.access.ExceptionTranslationFilter@3a9c11fb, org.springframework.security.web.access.intercept.FilterSecurityInterceptor@a1cb94]
2021-11-14 15:21:51.454  INFO 11852 --- [main] pertySourcedRequestMappingHandlerMapping : Mapped URL path [/v2/api-docs] onto method [springfox.documentation.swagger2.web.Swagger2Controller#getDocumentation(String, HttpServletRequest)]
2021-11-14 15:21:51.606  INFO 11852 --- [main] o.s.s.concurrent.ThreadPoolTaskExecutor  : Initializing ExecutorService 'applicationTaskExecutor'
2021-11-14 15:21:51.803  INFO 11852 --- [main] d.s.w.p.DocumentationPluginsBootstrapper : Context refreshed
2021-11-14 15:21:51.827  INFO 11852 --- [main] d.s.w.p.DocumentationPluginsBootstrapper : Found 1 custom documentation plugin(s)
2021-11-14 15:21:51.883  INFO 11852 --- [main] s.d.s.w.s.ApiListingReferenceScanner     : Scanning for api listing references
2021-11-14 15:21:52.158  INFO 11852 --- [main] o.s.b.w.embedded.tomcat.TomcatWebServer  : Tomcat started on port(s): 8000 (http) with context path ''
2021-11-14 15:21:52.161  INFO 11852 --- [main] com.api.sportyShoes.EcoomerceSportShoes  : Started EcoomerceSportShoes in 6.063 seconds (JVM running for 6.458)
2021-11-14 15:26:31.125  INFO 11852 --- [http-nio-8000-exec-1] o.a.c.c.C.[Tomcat].[localhost].[/]       : Initializing Spring DispatcherServlet 'dispatcherServlet'
2021-11-14 15:26:31.125  INFO 11852 --- [http-nio-8000-exec-1] o.s.web.servlet.DispatcherServlet        : Initializing Servlet 'dispatcherServlet'
2021-11-14 15:26:31.142  INFO 11852 --- [http-nio-8000-exec-1] o.s.web.servlet.DispatcherServlet        : Completed initialization in 17 ms
